[2020-05-26 18:00:43.110] [exthost] [info] extension host started
[2020-05-26 18:00:43.210] [exthost] [info] ExtensionService#_doActivateExtension vscode.debug-auto-launch {"startup":true,"extensionId":{"value":"vscode.debug-auto-launch","_lower":"vscode.debug-auto-launch"},"activationEvent":"*"}
[2020-05-26 18:00:43.210] [exthost] [info] ExtensionService#loadCommonJSModule file:///home/pydev/.vscode-server/bin/5763d909d5f12fe19f215cbfdd29a91c0fa9208a/extensions/debug-auto-launch/dist/extension
[2020-05-26 18:00:43.232] [exthost] [info] ExtensionService#_doActivateExtension vscode.emmet {"startup":true,"extensionId":{"value":"vscode.emmet","_lower":"vscode.emmet"},"activationEvent":"*"}
[2020-05-26 18:00:43.232] [exthost] [info] ExtensionService#loadCommonJSModule file:///home/pydev/.vscode-server/bin/5763d909d5f12fe19f215cbfdd29a91c0fa9208a/extensions/emmet/dist/extension
[2020-05-26 18:00:43.272] [exthost] [info] ExtensionService#_doActivateExtension vscode.git {"startup":true,"extensionId":{"value":"GitHub.vscode-pull-request-github","_lower":"github.vscode-pull-request-github"},"activationEvent":"*"}
[2020-05-26 18:00:43.272] [exthost] [info] ExtensionService#loadCommonJSModule file:///home/pydev/.vscode-server/bin/5763d909d5f12fe19f215cbfdd29a91c0fa9208a/extensions/git/dist/main
[2020-05-26 18:00:43.310] [exthost] [info] ExtensionService#_doActivateExtension vscode.github-authentication {"startup":true,"extensionId":{"value":"GitHub.vscode-pull-request-github","_lower":"github.vscode-pull-request-github"},"activationEvent":"*"}
[2020-05-26 18:00:43.310] [exthost] [info] ExtensionService#loadCommonJSModule file:///home/pydev/.vscode-server/bin/5763d909d5f12fe19f215cbfdd29a91c0fa9208a/extensions/github-authentication/dist/extension.js
[2020-05-26 18:00:43.332] [exthost] [info] ExtensionService#_doActivateExtension vscode.merge-conflict {"startup":true,"extensionId":{"value":"vscode.merge-conflict","_lower":"vscode.merge-conflict"},"activationEvent":"*"}
[2020-05-26 18:00:43.332] [exthost] [info] ExtensionService#loadCommonJSModule file:///home/pydev/.vscode-server/bin/5763d909d5f12fe19f215cbfdd29a91c0fa9208a/extensions/merge-conflict/dist/extension
[2020-05-26 18:00:43.335] [exthost] [info] ExtensionService#_doActivateExtension vscode.search-result {"startup":true,"extensionId":{"value":"vscode.search-result","_lower":"vscode.search-result"},"activationEvent":"*"}
[2020-05-26 18:00:43.335] [exthost] [info] ExtensionService#loadCommonJSModule file:///home/pydev/.vscode-server/bin/5763d909d5f12fe19f215cbfdd29a91c0fa9208a/extensions/search-result/dist/extension.js
[2020-05-26 18:00:43.335] [exthost] [info] ExtensionService#_doActivateExtension vscode.vscode-account {"startup":true,"extensionId":{"value":"vscode.vscode-account","_lower":"vscode.vscode-account"},"activationEvent":"*"}
[2020-05-26 18:00:43.336] [exthost] [info] ExtensionService#loadCommonJSModule file:///home/pydev/.vscode-server/bin/5763d909d5f12fe19f215cbfdd29a91c0fa9208a/extensions/vscode-account/dist/extension.js
[2020-05-26 18:00:43.345] [exthost] [info] ExtensionService#_doActivateExtension donjayamanne.githistory {"startup":true,"extensionId":{"value":"donjayamanne.githistory","_lower":"donjayamanne.githistory"},"activationEvent":"*"}
[2020-05-26 18:00:43.345] [exthost] [info] ExtensionService#loadCommonJSModule file:///home/pydev/.vscode-server/extensions/donjayamanne.githistory-0.6.5/dist/src/extension
[2020-05-26 18:00:43.688] [exthost] [info] eager extensions activated
[2020-05-26 18:00:43.760] [exthost] [info] ExtensionService#_doActivateExtension GitHub.vscode-pull-request-github {"startup":true,"extensionId":{"value":"GitHub.vscode-pull-request-github","_lower":"github.vscode-pull-request-github"},"activationEvent":"*"}
[2020-05-26 18:00:43.760] [exthost] [info] ExtensionService#loadCommonJSModule file:///home/pydev/.vscode-server/extensions/github.vscode-pull-request-github-0.16.0/media/extension
[2020-05-26 18:00:44.163] [exthost] [info] Extension 'GitHub.vscode-pull-request-github' uses a document selector without scheme. Learn more about this: https://go.microsoft.com/fwlink/?linkid=872305
[2020-05-26 18:13:49.954] [exthost] [info] ExtensionService#_doActivateExtension ms-python.python {"startup":false,"extensionId":{"value":"ms-python.python","_lower":"ms-python.python"},"activationEvent":"onLanguage:python"}
[2020-05-26 18:13:49.955] [exthost] [info] ExtensionService#loadCommonJSModule file:///home/pydev/.vscode-server/extensions/ms-python.python-2020.5.80290/out/client/extension
[2020-05-26 18:13:50.522] [exthost] [info] Extension 'ms-python.python' uses a document selector without scheme. Learn more about this: https://go.microsoft.com/fwlink/?linkid=872305
[2020-05-26 18:28:33.314] [exthost] [info] ExtensionService#_doActivateExtension vscode.debug-server-ready {"startup":false,"extensionId":{"value":"vscode.debug-server-ready","_lower":"vscode.debug-server-ready"},"activationEvent":"onDebugResolve"}
[2020-05-26 18:28:33.315] [exthost] [info] ExtensionService#loadCommonJSModule file:///home/pydev/.vscode-server/bin/5763d909d5f12fe19f215cbfdd29a91c0fa9208a/extensions/debug-server-ready/dist/extension
[2020-05-26 18:28:51.350] [exthost] [info] ExtensionService#_doActivateExtension ms-vscode.node-debug2 {"startup":false,"extensionId":{"value":"ms-vscode.node-debug","_lower":"ms-vscode.node-debug"},"activationEvent":"onDebugInitialConfigurations"}
[2020-05-26 18:28:51.350] [exthost] [info] ExtensionService#loadCommonJSModule file:///home/pydev/.vscode-server/bin/5763d909d5f12fe19f215cbfdd29a91c0fa9208a/extensions/ms-vscode.node-debug2/out/src/extension
[2020-05-26 18:28:51.383] [exthost] [info] ExtensionService#_doActivateExtension ms-vscode.node-debug {"startup":false,"extensionId":{"value":"ms-vscode.node-debug","_lower":"ms-vscode.node-debug"},"activationEvent":"onDebugInitialConfigurations"}
[2020-05-26 18:28:51.383] [exthost] [info] ExtensionService#loadCommonJSModule file:///home/pydev/.vscode-server/bin/5763d909d5f12fe19f215cbfdd29a91c0fa9208a/extensions/ms-vscode.node-debug/dist/extension.js
[2020-05-26 18:29:09.414] [exthost] [info] ExtensionService#_doActivateExtension vscode.configuration-editing {"startup":false,"extensionId":{"value":"vscode.configuration-editing","_lower":"vscode.configuration-editing"},"activationEvent":"onLanguage:jsonc"}
[2020-05-26 18:29:09.414] [exthost] [info] ExtensionService#loadCommonJSModule file:///home/pydev/.vscode-server/bin/5763d909d5f12fe19f215cbfdd29a91c0fa9208a/extensions/configuration-editing/dist/extension
[2020-05-26 18:29:09.418] [exthost] [info] ExtensionService#_doActivateExtension vscode.json-language-features {"startup":false,"extensionId":{"value":"vscode.json-language-features","_lower":"vscode.json-language-features"},"activationEvent":"onLanguage:jsonc"}
[2020-05-26 18:29:09.418] [exthost] [info] ExtensionService#loadCommonJSModule file:///home/pydev/.vscode-server/bin/5763d909d5f12fe19f215cbfdd29a91c0fa9208a/extensions/json-language-features/client/dist/jsonMain
[2020-05-26 18:29:09.439] [exthost] [info] ExtensionService#_doActivateExtension vscode.typescript-language-features {"startup":false,"extensionId":{"value":"vscode.typescript-language-features","_lower":"vscode.typescript-language-features"},"activationEvent":"onLanguage:jsonc"}
[2020-05-26 18:29:09.439] [exthost] [info] ExtensionService#loadCommonJSModule file:///home/pydev/.vscode-server/bin/5763d909d5f12fe19f215cbfdd29a91c0fa9208a/extensions/typescript-language-features/dist/extension
